2025-03-18 14:48:23,128 - INFO - Successfully connected to database
2025-03-18 14:48:23,129 - INFO - Temporary table created successfully
2025-03-18 14:48:23,161 - WARNING - Record ID 1: SessionID mismatch. DB: EA, Extracted: session-id-78
2025-03-18 14:48:23,168 - WARNING - Record ID 2: SessionID mismatch. DB: EF003, Extracted: session-id-509
2025-03-18 14:48:23,175 - WARNING - Record ID 3: SessionID mismatch. DB: EF004, Extracted: session-id-510
2025-03-18 14:48:23,181 - WARNING - Record ID 4: SessionID mismatch. DB: EF005, Extracted: session-id-511
2025-03-18 14:48:23,187 - WARNING - Record ID 5: SessionID mismatch. DB: EF006, Extracted: session-id-512
2025-03-18 14:48:23,194 - WARNING - Record ID 6: SessionID mismatch. DB: EF014, Extracted: session-id-513
2025-03-18 14:48:23,199 - WARNING - Record ID 7: SessionID mismatch. DB: EF015, Extracted: session-id-514
2025-03-18 14:48:23,205 - WARNING - Record ID 8: SessionID mismatch. DB: EF016, Extracted: session-id-515
2025-03-18 14:48:23,210 - WARNING - Record ID 9: SessionID mismatch. DB: EF021, Extracted: session-id-516
2025-03-18 14:48:23,214 - WARNING - Record ID 10: SessionID mismatch. DB: EF022, Extracted: session-id-517
2025-03-18 14:48:23,219 - WARNING - Record ID 11: SessionID mismatch. DB: EF023, Extracted: session-id-518
2025-03-18 14:48:23,224 - WARNING - Record ID 12: SessionID mismatch. DB: EF024, Extracted: session-id-519
2025-03-18 14:48:23,228 - WARNING - Record ID 13: SessionID mismatch. DB: EF029, Extracted: session-id-520
2025-03-18 14:48:23,233 - WARNING - Record ID 14: SessionID mismatch. DB: EF030, Extracted: session-id-521
2025-03-18 14:48:23,238 - WARNING - Record ID 15: SessionID mismatch. DB: EF031, Extracted: session-id-522
2025-03-18 14:48:23,243 - WARNING - Record ID 16: SessionID mismatch. DB: EF033, Extracted: session-id-523
2025-03-18 14:48:23,247 - WARNING - Record ID 17: SessionID mismatch. DB: EF034, Extracted: session-id-524
2025-03-18 14:48:23,251 - WARNING - Record ID 18: SessionID mismatch. DB: EF035, Extracted: session-id-525
2025-03-18 14:48:23,255 - WARNING - Record ID 19: SessionID mismatch. DB: EF036, Extracted: session-id-526
2025-03-18 14:48:23,260 - WARNING - Record ID 20: SessionID mismatch. DB: EF039, Extracted: session-id-527
2025-03-18 14:48:23,264 - WARNING - Record ID 21: SessionID mismatch. DB: EF040, Extracted: session-id-528
2025-03-18 14:48:23,273 - WARNING - Record ID 22: SessionID mismatch. DB: EF041, Extracted: session-id-529
2025-03-18 14:48:23,277 - WARNING - Record ID 23: SessionID mismatch. DB: EF042, Extracted: session-id-530
2025-03-18 14:48:23,282 - WARNING - Record ID 24: SessionID mismatch. DB: EF049, Extracted: session-id-531
2025-03-18 14:48:23,286 - WARNING - Record ID 25: SessionID mismatch. DB: EF050, Extracted: session-id-532
2025-03-18 14:48:23,291 - WARNING - Record ID 26: SessionID mismatch. DB: EF051, Extracted: session-id-533
2025-03-18 14:48:23,295 - WARNING - Record ID 27: SessionID mismatch. DB: EF054, Extracted: session-id-534
2025-03-18 14:48:23,299 - WARNING - Record ID 28: SessionID mismatch. DB: EF055, Extracted: session-id-535
2025-03-18 14:48:23,303 - WARNING - Record ID 29: SessionID mismatch. DB: EF059, Extracted: session-id-536
2025-03-18 14:48:23,308 - WARNING - Record ID 30: SessionID mismatch. DB: EF060, Extracted: session-id-537
2025-03-18 14:48:23,312 - WARNING - Record ID 31: SessionID mismatch. DB: EF061, Extracted: session-id-538
2025-03-18 14:48:23,317 - WARNING - Record ID 32: SessionID mismatch. DB: EF065, Extracted: session-id-539
2025-03-18 14:48:23,321 - WARNING - Record ID 33: SessionID mismatch. DB: EF066, Extracted: session-id-540
2025-03-18 14:48:23,326 - WARNING - Record ID 34: SessionID mismatch. DB: EF067, Extracted: session-id-541
2025-03-18 14:48:23,330 - WARNING - Record ID 35: SessionID mismatch. DB: EF068, Extracted: session-id-542
2025-03-18 14:48:23,334 - WARNING - Record ID 36: SessionID mismatch. DB: EF074, Extracted: session-id-543
2025-03-18 14:48:23,339 - WARNING - Record ID 37: SessionID mismatch. DB: EF075, Extracted: session-id-544
2025-03-18 14:48:23,343 - WARNING - Record ID 38: SessionID mismatch. DB: EF076, Extracted: session-id-545
2025-03-18 14:48:23,347 - WARNING - Record ID 39: SessionID mismatch. DB: EF077, Extracted: session-id-546
2025-03-18 14:48:23,352 - WARNING - Record ID 40: SessionID mismatch. DB: EF079, Extracted: session-id-547
2025-03-18 14:48:23,356 - WARNING - Record ID 41: SessionID mismatch. DB: EF080, Extracted: session-id-548
2025-03-18 14:48:23,361 - WARNING - Record ID 42: SessionID mismatch. DB: EF081, Extracted: session-id-549
2025-03-18 14:48:23,365 - WARNING - Record ID 43: SessionID mismatch. DB: EF089, Extracted: session-id-550
2025-03-18 14:48:23,369 - WARNING - Record ID 44: SessionID mismatch. DB: EF090, Extracted: session-id-551
2025-03-18 14:48:23,374 - WARNING - Record ID 45: SessionID mismatch. DB: EF093, Extracted: session-id-552
2025-03-18 14:48:23,378 - WARNING - Record ID 46: SessionID mismatch. DB: EF094, Extracted: session-id-553
2025-03-18 14:48:23,383 - WARNING - Record ID 47: SessionID mismatch. DB: EF099, Extracted: session-id-554
2025-03-18 14:48:23,391 - WARNING - Record ID 48: SessionID mismatch. DB: EF100, Extracted: session-id-555
2025-03-18 14:48:23,395 - WARNING - Record ID 49: SessionID mismatch. DB: EF101, Extracted: session-id-556
2025-03-18 14:48:23,399 - WARNING - Record ID 50: SessionID mismatch. DB: EF104, Extracted: session-id-557
2025-03-18 14:48:23,403 - WARNING - Record ID 51: SessionID mismatch. DB: EF105, Extracted: session-id-558
2025-03-18 14:48:23,408 - WARNING - Record ID 52: SessionID mismatch. DB: EF106, Extracted: session-id-559
2025-03-18 14:48:23,414 - WARNING - Record ID 53: SessionID mismatch. DB: EF110, Extracted: session-id-560
2025-03-18 14:48:23,418 - WARNING - Record ID 54: SessionID mismatch. DB: EF111, Extracted: session-id-561
2025-03-18 14:48:23,422 - WARNING - Record ID 55: SessionID mismatch. DB: EF112, Extracted: session-id-562
2025-03-18 14:48:23,426 - WARNING - Record ID 56: SessionID mismatch. DB: EW001, Extracted: session-id-11
2025-03-18 14:48:23,429 - WARNING - Record ID 57: SessionID mismatch. DB: EW002, Extracted: session-id-13
2025-03-18 14:48:23,432 - WARNING - Record ID 58: SessionID mismatch. DB: EW003, Extracted: session-id-10
2025-03-18 14:48:23,435 - WARNING - Record ID 59: SessionID mismatch. DB: EW004, Extracted: session-id-9
2025-03-18 14:48:23,438 - WARNING - Record ID 60: SessionID mismatch. DB: EW005, Extracted: session-id-12
2025-03-18 14:48:23,441 - WARNING - Record ID 61: SessionID mismatch. DB: EW006, Extracted: session-id-14
2025-03-18 14:48:23,443 - WARNING - Record ID 62: SessionID mismatch. DB: EW025, Extracted: session-id-39
2025-03-18 14:48:23,447 - WARNING - Record ID 63: SessionID mismatch. DB: EW026, Extracted: session-id-41
2025-03-18 14:48:23,450 - WARNING - Record ID 64: SessionID mismatch. DB: EW027, Extracted: session-id-38
2025-03-18 14:48:23,453 - WARNING - Record ID 65: SessionID mismatch. DB: EW028, Extracted: session-id-37
2025-03-18 14:48:23,456 - WARNING - Record ID 66: SessionID mismatch. DB: EW029, Extracted: session-id-40
2025-03-18 14:48:23,460 - WARNING - Record ID 67: SessionID mismatch. DB: EW030, Extracted: session-id-42
2025-03-18 14:48:23,463 - WARNING - Record ID 68: SessionID mismatch. DB: EW038, Extracted: session-id-55
2025-03-18 14:48:23,467 - WARNING - Record ID 69: SessionID mismatch. DB: EW039, Extracted: session-id-50
2025-03-18 14:48:23,470 - WARNING - Record ID 70: SessionID mismatch. DB: EW040, Extracted: session-id-51
2025-03-18 14:48:23,473 - WARNING - Record ID 71: SessionID mismatch. DB: EW041, Extracted: session-id-46
2025-03-18 14:48:23,476 - WARNING - Record ID 72: SessionID mismatch. DB: EW042, Extracted: session-id-47
2025-03-18 14:48:23,476 - ERROR - Error inserting into temporary table for record 72: 1406 (22001): Data too long for column 'session_organized_by' at row 1
2025-03-18 14:48:23,479 - WARNING - Record ID 73: SessionID mismatch. DB: EW070, Extracted: session-id-83
2025-03-18 14:48:23,483 - WARNING - Record ID 74: SessionID mismatch. DB: EW071, Extracted: session-id-81
2025-03-18 14:48:23,486 - WARNING - Record ID 75: SessionID mismatch. DB: EW077, Extracted: session-id-92
2025-03-18 14:48:23,489 - WARNING - Record ID 76: SessionID mismatch. DB: EW078, Extracted: session-id-94
2025-03-18 14:48:23,493 - WARNING - Record ID 77: SessionID mismatch. DB: EW079, Extracted: session-id-87
2025-03-18 14:48:23,496 - WARNING - Record ID 78: SessionID mismatch. DB: EW096, Extracted: session-id-115
2025-03-18 14:48:23,499 - WARNING - Record ID 79: SessionID mismatch. DB: EW109, Extracted: session-id-126
2025-03-18 14:48:23,503 - WARNING - Record ID 80: SessionID mismatch. DB: EW118, Extracted: session-id-135
2025-03-18 14:48:23,506 - WARNING - Record ID 81: SessionID mismatch. DB: EW119, Extracted: session-id-130
2025-03-18 14:48:23,509 - WARNING - Record ID 82: SessionID mismatch. DB: EW135, Extracted: session-id-153
2025-03-18 14:48:23,512 - WARNING - Record ID 83: SessionID mismatch. DB: EW146, Extracted: session-id-163
2025-03-18 14:48:23,515 - WARNING - Record ID 84: SessionID mismatch. DB: FIPL1, Extracted: session-id-194
2025-03-18 14:48:23,517 - WARNING - Record ID 85: SessionID mismatch. DB: FIPL2, Extracted: session-id-195
2025-03-18 14:48:23,519 - WARNING - Record ID 86: SessionID mismatch. DB: FIPL3, Extracted: session-id-196
2025-03-18 14:48:23,522 - WARNING - Record ID 87: SessionID mismatch. DB: FIPL4, Extracted: session-id-197
2025-03-18 14:48:23,524 - WARNING - Record ID 88: SessionID mismatch. DB: FIPL5, Extracted: session-id-198
2025-03-18 14:48:23,528 - WARNING - Record ID 89: SessionID mismatch. DB: FIPL6, Extracted: session-id-199
2025-03-18 14:48:23,530 - WARNING - Record ID 90: SessionID mismatch. DB: FIPL7, Extracted: session-id-200
2025-03-18 14:48:23,533 - WARNING - Record ID 91: SessionID mismatch. DB: FO050, Extracted: session-id-57
2025-03-18 14:48:23,536 - WARNING - Record ID 92: SessionID mismatch. DB: FO063, Extracted: session-id-70
2025-03-18 14:48:23,539 - WARNING - Record ID 93: SessionID mismatch. DB: FO090, Extracted: session-id-96
2025-03-18 14:48:23,541 - WARNING - Record ID 94: SessionID mismatch. DB: FO097, Extracted: session-id-107
2025-03-18 14:48:23,544 - WARNING - Record ID 95: SessionID mismatch. DB: FO098, Extracted: session-id-344
2025-03-18 14:48:23,547 - WARNING - Record ID 96: SessionID mismatch. DB: FO102, Extracted: session-id-116
2025-03-18 14:48:23,550 - WARNING - Record ID 97: SessionID mismatch. DB: FO129, Extracted: session-id-138
2025-03-18 14:48:23,554 - WARNING - Record ID 98: SessionID mismatch. DB: FO136, Extracted: session-id-147
2025-03-18 14:48:23,556 - WARNING - Record ID 99: SessionID mismatch. DB: IPT01, Extracted: session-id-202
2025-03-18 14:48:23,558 - WARNING - Record ID 100: SessionID mismatch. DB: IPT02, Extracted: session-id-203
2025-03-18 14:48:23,560 - WARNING - Record ID 101: SessionID mismatch. DB: IPT03, Extracted: session-id-204
2025-03-18 14:48:23,562 - WARNING - Record ID 102: SessionID mismatch. DB: IPT04, Extracted: session-id-205
2025-03-18 14:48:23,564 - WARNING - Record ID 103: SessionID mismatch. DB: IPT05, Extracted: session-id-206
2025-03-18 14:48:23,566 - WARNING - Record ID 104: SessionID mismatch. DB: IPT06, Extracted: session-id-207
2025-03-18 14:48:23,569 - WARNING - Record ID 105: SessionID mismatch. DB: IPT08, Extracted: session-id-209
2025-03-18 14:48:23,571 - WARNING - Record ID 106: SessionID mismatch. DB: IPT09, Extracted: session-id-211
2025-03-18 14:48:23,573 - WARNING - Record ID 107: SessionID mismatch. DB: IPT10, Extracted: session-id-212
2025-03-18 14:48:23,575 - WARNING - Record ID 108: SessionID mismatch. DB: IPT11, Extracted: session-id-213
2025-03-18 14:48:23,577 - WARNING - Record ID 109: SessionID mismatch. DB: IPT12, Extracted: session-id-574
2025-03-18 14:48:23,579 - WARNING - Record ID 110: SessionID mismatch. DB: IPT13, Extracted: session-id-214
2025-03-18 14:48:23,581 - WARNING - Record ID 111: SessionID mismatch. DB: IPT14, Extracted: session-id-215
2025-03-18 14:48:23,583 - WARNING - Record ID 112: SessionID mismatch. DB: IPT15, Extracted: session-id-216
2025-03-18 14:48:23,585 - WARNING - Record ID 113: SessionID mismatch. DB: IPT16, Extracted: session-id-217
2025-03-18 14:48:23,587 - WARNING - Record ID 114: SessionID mismatch. DB: IPT17, Extracted: session-id-218
2025-03-18 14:48:23,589 - WARNING - Record ID 115: SessionID mismatch. DB: IPT18, Extracted: session-id-219
2025-03-18 14:48:23,591 - WARNING - Record ID 116: SessionID mismatch. DB: IPT20, Extracted: session-id-221
2025-03-18 14:48:23,593 - WARNING - Record ID 117: SessionID mismatch. DB: IPT21, Extracted: session-id-222
2025-03-18 14:48:23,595 - WARNING - Record ID 118: SessionID mismatch. DB: IPT22, Extracted: session-id-223
2025-03-18 14:48:23,597 - WARNING - Record ID 119: SessionID mismatch. DB: IPT23, Extracted: session-id-224
2025-03-18 14:48:23,599 - WARNING - Record ID 120: SessionID mismatch. DB: IPT24, Extracted: session-id-225
2025-03-18 14:48:23,602 - WARNING - Record ID 121: SessionID mismatch. DB: IPT25A, Extracted: session-id-651
2025-03-18 14:48:23,604 - WARNING - Record ID 122: SessionID mismatch. DB: IPT25, Extracted: session-id-226
2025-03-18 14:48:23,606 - WARNING - Record ID 123: SessionID mismatch. DB: IPT26, Extracted: session-id-228
2025-03-18 14:48:23,608 - WARNING - Record ID 124: SessionID mismatch. DB: IPT27, Extracted: session-id-229
2025-03-18 14:48:23,610 - WARNING - Record ID 125: SessionID mismatch. DB: IPT28, Extracted: session-id-345
2025-03-18 14:48:23,613 - WARNING - Record ID 126: SessionID mismatch. DB: IS01, Extracted: session-id-293
2025-03-18 14:48:23,617 - WARNING - Record ID 127: SessionID mismatch. DB: IS02, Extracted: session-id-294
2025-03-18 14:48:23,620 - WARNING - Record ID 128: SessionID mismatch. DB: IS03, Extracted: session-id-295
2025-03-18 14:48:23,623 - WARNING - Record ID 129: SessionID mismatch. DB: IS05, Extracted: session-id-297
2025-03-18 14:48:23,627 - WARNING - Record ID 130: SessionID mismatch. DB: IS06, Extracted: session-id-298
2025-03-18 14:48:23,631 - WARNING - Record ID 131: SessionID mismatch. DB: IS07, Extracted: session-id-299
2025-03-18 14:48:23,635 - WARNING - Record ID 132: SessionID mismatch. DB: IS09, Extracted: session-id-301
2025-03-18 14:48:23,638 - WARNING - Record ID 133: SessionID mismatch. DB: IS10, Extracted: session-id-302
2025-03-18 14:48:23,642 - WARNING - Record ID 134: SessionID mismatch. DB: IS11, Extracted: session-id-303
2025-03-18 14:48:23,647 - WARNING - Record ID 135: SessionID mismatch. DB: IS12, Extracted: session-id-304
2025-03-18 14:48:23,651 - WARNING - Record ID 136: SessionID mismatch. DB: IS13, Extracted: session-id-305
2025-03-18 14:48:23,655 - WARNING - Record ID 137: SessionID mismatch. DB: IS14, Extracted: session-id-306
2025-03-18 14:48:23,659 - WARNING - Record ID 138: SessionID mismatch. DB: IS15, Extracted: session-id-307
2025-03-18 14:48:23,663 - WARNING - Record ID 139: SessionID mismatch. DB: IS16, Extracted: session-id-308
2025-03-18 14:48:23,667 - WARNING - Record ID 140: SessionID mismatch. DB: IS17, Extracted: session-id-309
2025-03-18 14:48:23,672 - WARNING - Record ID 141: SessionID mismatch. DB: IS18, Extracted: session-id-310
2025-03-18 14:48:23,676 - WARNING - Record ID 142: SessionID mismatch. DB: IS19, Extracted: session-id-311
2025-03-18 14:48:23,680 - WARNING - Record ID 143: SessionID mismatch. DB: IS20, Extracted: session-id-312
2025-03-18 14:48:23,685 - WARNING - Record ID 144: SessionID mismatch. DB: IS21, Extracted: session-id-313
2025-03-18 14:48:23,688 - WARNING - Record ID 145: SessionID mismatch. DB: IS23, Extracted: session-id-315
2025-03-18 14:48:23,692 - WARNING - Record ID 146: SessionID mismatch. DB: IS24, Extracted: session-id-316
2025-03-18 14:48:23,696 - WARNING - Record ID 147: SessionID mismatch. DB: IS25, Extracted: session-id-317
2025-03-18 14:48:23,701 - WARNING - Record ID 148: SessionID mismatch. DB: IS26, Extracted: session-id-318
2025-03-18 14:48:23,706 - WARNING - Record ID 149: SessionID mismatch. DB: IS28, Extracted: session-id-320
2025-03-18 14:48:23,710 - WARNING - Record ID 150: SessionID mismatch. DB: IS29, Extracted: session-id-321
2025-03-18 14:48:23,715 - WARNING - Record ID 151: SessionID mismatch. DB: IS30, Extracted: session-id-322
2025-03-18 14:48:23,719 - WARNING - Record ID 152: SessionID mismatch. DB: IS31, Extracted: session-id-323
2025-03-18 14:48:23,723 - WARNING - Record ID 153: SessionID mismatch. DB: IS32, Extracted: session-id-324
2025-03-18 14:48:23,727 - WARNING - Record ID 154: SessionID mismatch. DB: IS33, Extracted: session-id-325
2025-03-18 14:48:23,730 - WARNING - Record ID 155: SessionID mismatch. DB: IS34, Extracted: session-id-326
2025-03-18 14:48:23,734 - WARNING - Record ID 156: SessionID mismatch. DB: IS35, Extracted: session-id-327
2025-03-18 14:48:23,737 - WARNING - Record ID 157: SessionID mismatch. DB: IS36, Extracted: session-id-328
2025-03-18 14:48:23,741 - WARNING - Record ID 158: SessionID mismatch. DB: IS37, Extracted: session-id-329
2025-03-18 14:48:23,745 - WARNING - Record ID 159: SessionID mismatch. DB: IS38, Extracted: session-id-330
2025-03-18 14:48:23,750 - WARNING - Record ID 160: SessionID mismatch. DB: IS39, Extracted: session-id-331
2025-03-18 14:48:23,754 - WARNING - Record ID 161: SessionID mismatch. DB: IS40, Extracted: session-id-332
2025-03-18 14:48:23,758 - WARNING - Record ID 162: SessionID mismatch. DB: IS41, Extracted: session-id-333
2025-03-18 14:48:23,763 - WARNING - Record ID 163: SessionID mismatch. DB: IS42, Extracted: session-id-334
2025-03-18 14:48:23,767 - WARNING - Record ID 164: SessionID mismatch. DB: IS43, Extracted: session-id-335
2025-03-18 14:48:23,771 - WARNING - Record ID 165: SessionID mismatch. DB: IS44, Extracted: session-id-336
2025-03-18 14:48:23,776 - WARNING - Record ID 166: SessionID mismatch. DB: IS45, Extracted: session-id-337
2025-03-18 14:48:23,780 - WARNING - Record ID 167: SessionID mismatch. DB: IS46, Extracted: session-id-338
2025-03-18 14:48:23,785 - WARNING - Record ID 168: SessionID mismatch. DB: IS47, Extracted: session-id-339
2025-03-18 14:48:23,792 - WARNING - Record ID 169: SessionID mismatch. DB: IS48, Extracted: session-id-340
2025-03-18 14:48:23,796 - WARNING - Record ID 170: SessionID mismatch. DB: IS49, Extracted: session-id-341
2025-03-18 14:48:23,800 - WARNING - Record ID 171: SessionID mismatch. DB: IS50, Extracted: session-id-342
2025-03-18 14:48:23,804 - WARNING - Record ID 172: SessionID mismatch. DB: IS51, Extracted: session-id-343
2025-03-18 14:48:23,807 - WARNING - Record ID 173: SessionID mismatch. DB: JS1, Extracted: session-id-640
2025-03-18 14:48:23,810 - WARNING - Record ID 174: SessionID mismatch. DB: JS2, Extracted: session-id-575
2025-03-18 14:48:23,813 - WARNING - Record ID 175: SessionID mismatch. DB: KN044, Extracted: session-id-58
2025-03-18 14:48:23,816 - WARNING - Record ID 176: SessionID mismatch. DB: KN056, Extracted: session-id-71
2025-03-18 14:48:23,818 - WARNING - Record ID 177: SessionID mismatch. DB: KN080, Extracted: session-id-95
2025-03-18 14:48:23,821 - WARNING - Record ID 178: SessionID mismatch. DB: KN081, Extracted: session-id-98
2025-03-18 14:48:23,824 - WARNING - Record ID 179: SessionID mismatch. DB: KN103, Extracted: session-id-120
2025-03-18 14:48:23,827 - WARNING - Record ID 180: SessionID mismatch. DB: KN121, Extracted: session-id-139
2025-03-18 14:48:23,830 - WARNING - Record ID 181: SessionID mismatch. DB: KN130, Extracted: session-id-148
2025-03-18 14:48:23,833 - WARNING - Record ID 182: SessionID mismatch. DB: KN137, Extracted: session-id-154
2025-03-18 14:48:23,836 - WARNING - Record ID 183: SessionID mismatch. DB: LB001, Extracted: session-id-630
2025-03-18 14:48:23,839 - WARNING - Record ID 184: SessionID mismatch. DB: LB002, Extracted: session-id-631
2025-03-18 14:48:23,842 - WARNING - Record ID 185: SessionID mismatch. DB: LB003, Extracted: session-id-632
2025-03-18 14:48:23,847 - WARNING - Record ID 186: SessionID mismatch. DB: LB004, Extracted: session-id-633
2025-03-18 14:48:23,850 - WARNING - Record ID 187: SessionID mismatch. DB: LB005, Extracted: session-id-634
2025-03-18 14:48:23,854 - WARNING - Record ID 188: SessionID mismatch. DB: LB006, Extracted: session-id-641
2025-03-18 14:48:23,857 - WARNING - Record ID 189: SessionID mismatch. DB: M4, Extracted: session-id-580
2025-03-18 14:48:23,859 - WARNING - Record ID 190: SessionID mismatch. DB: M5, Extracted: session-id-581
2025-03-18 14:48:23,861 - WARNING - Record ID 191: SessionID mismatch. DB: M6, Extracted: session-id-582
2025-03-18 14:48:23,865 - WARNING - Record ID 192: SessionID mismatch. DB: M7, Extracted: session-id-583
2025-03-18 14:48:23,867 - WARNING - Record ID 193: SessionID mismatch. DB: M8, Extracted: session-id-584
2025-03-18 14:48:23,870 - WARNING - Record ID 194: SessionID mismatch. DB: M9, Extracted: session-id-585
2025-03-18 14:48:23,872 - WARNING - Record ID 195: SessionID mismatch. DB: M10, Extracted: session-id-586
2025-03-18 14:48:23,874 - WARNING - Record ID 196: SessionID mismatch. DB: M11, Extracted: session-id-587
2025-03-18 14:48:23,876 - WARNING - Record ID 197: SessionID mismatch. DB: M12, Extracted: session-id-588
2025-03-18 14:48:23,878 - WARNING - Record ID 198: SessionID mismatch. DB: ME007, Extracted: session-id-18
2025-03-18 14:48:23,880 - WARNING - Record ID 199: SessionID mismatch. DB: ME008, Extracted: session-id-20
2025-03-18 14:48:23,883 - WARNING - Record ID 200: SessionID mismatch. DB: ME009, Extracted: session-id-17
2025-03-18 14:48:23,885 - WARNING - Record ID 201: SessionID mismatch. DB: ME010, Extracted: session-id-16
2025-03-18 14:48:23,887 - WARNING - Record ID 202: SessionID mismatch. DB: ME011, Extracted: session-id-19
2025-03-18 14:48:23,890 - WARNING - Record ID 203: SessionID mismatch. DB: ME012, Extracted: session-id-21
2025-03-18 14:48:23,892 - WARNING - Record ID 204: SessionID mismatch. DB: ME013, Extracted: session-id-24
2025-03-18 14:48:23,895 - WARNING - Record ID 205: SessionID mismatch. DB: ME014, Extracted: session-id-26
2025-03-18 14:48:23,897 - WARNING - Record ID 206: SessionID mismatch. DB: ME015, Extracted: session-id-23
2025-03-18 14:48:23,899 - WARNING - Record ID 207: SessionID mismatch. DB: ME016, Extracted: session-id-22
2025-03-18 14:48:23,901 - WARNING - Record ID 208: SessionID mismatch. DB: ME017, Extracted: session-id-25
2025-03-18 14:48:23,903 - WARNING - Record ID 209: SessionID mismatch. DB: ME018, Extracted: session-id-27
2025-03-18 14:48:23,905 - WARNING - Record ID 210: SessionID mismatch. DB: ME019, Extracted: session-id-32
2025-03-18 14:48:23,908 - WARNING - Record ID 211: SessionID mismatch. DB: ME020, Extracted: session-id-34
2025-03-18 14:48:23,911 - WARNING - Record ID 212: SessionID mismatch. DB: ME021, Extracted: session-id-31
2025-03-18 14:48:23,913 - WARNING - Record ID 213: SessionID mismatch. DB: ME022, Extracted: session-id-30
2025-03-18 14:48:23,915 - WARNING - Record ID 214: SessionID mismatch. DB: ME023, Extracted: session-id-33
2025-03-18 14:48:23,917 - WARNING - Record ID 215: SessionID mismatch. DB: ME024, Extracted: session-id-35
2025-03-18 14:48:23,919 - WARNING - Record ID 216: SessionID mismatch. DB: ME048, Extracted: session-id-60
2025-03-18 14:48:23,921 - WARNING - Record ID 217: SessionID mismatch. DB: ME049, Extracted: session-id-61
2025-03-18 14:48:23,924 - WARNING - Record ID 218: SessionID mismatch. DB: ME054, Extracted: session-id-69
2025-03-18 14:48:23,926 - WARNING - Record ID 219: SessionID mismatch. DB: ME055, Extracted: session-id-66
2025-03-18 14:48:23,929 - WARNING - Record ID 220: SessionID mismatch. DB: ME061, Extracted: session-id-76
2025-03-18 14:48:23,932 - WARNING - Record ID 221: SessionID mismatch. DB: ME062, Extracted: session-id-74
2025-03-18 14:48:23,934 - WARNING - Record ID 222: SessionID mismatch. DB: ME088, Extracted: session-id-104
2025-03-18 14:48:23,936 - WARNING - Record ID 223: SessionID mismatch. DB: ME089, Extracted: session-id-102
2025-03-18 14:48:23,939 - WARNING - Record ID 224: SessionID mismatch. DB: ME095, Extracted: session-id-111
2025-03-18 14:48:23,941 - WARNING - Record ID 225: SessionID mismatch. DB: ME101, Extracted: session-id-118
2025-03-18 14:48:23,943 - WARNING - Record ID 226: SessionID mismatch. DB: ME108, Extracted: session-id-121
2025-03-18 14:48:23,945 - WARNING - Record ID 227: SessionID mismatch. DB: ME127, Extracted: session-id-146
2025-03-18 14:48:23,948 - WARNING - Record ID 228: SessionID mismatch. DB: ME128, Extracted: session-id-141
2025-03-18 14:48:23,951 - WARNING - Record ID 229: SessionID mismatch. DB: ME134, Extracted: session-id-151
2025-03-18 14:48:23,953 - WARNING - Record ID 230: SessionID mismatch. DB: ME140, Extracted: session-id-155
2025-03-18 14:48:23,955 - WARNING - Record ID 231: SessionID mismatch. DB: ME141, Extracted: session-id-156
2025-03-18 14:48:23,958 - WARNING - Record ID 232: SessionID mismatch. DB: ME145, Extracted: session-id-161
2025-03-18 14:48:23,960 - WARNING - Record ID 233: SessionID mismatch. DB: ME149, Extracted: session-id-167
2025-03-18 14:48:23,962 - WARNING - Record ID 234: SessionID mismatch. DB: MEET8, Extracted: session-id-611
2025-03-18 14:48:23,965 - WARNING - Record ID 235: SessionID mismatch. DB: MEET60, Extracted: session-id-596
2025-03-18 14:48:23,968 - WARNING - Record ID 236: SessionID mismatch. DB: MEET61, Extracted: session-id-597
2025-03-18 14:48:23,971 - WARNING - Record ID 237: SessionID mismatch. DB: MEET62, Extracted: session-id-599
2025-03-18 14:48:23,973 - WARNING - Record ID 238: SessionID mismatch. DB: MEET63, Extracted: session-id-598
2025-03-18 14:48:23,976 - WARNING - Record ID 239: SessionID mismatch. DB: MEET64, Extracted: session-id-600
2025-03-18 14:48:23,979 - WARNING - Record ID 240: SessionID mismatch. DB: MEET65, Extracted: session-id-601
2025-03-18 14:48:23,982 - WARNING - Record ID 241: SessionID mismatch. DB: MEET66, Extracted: session-id-603
2025-03-18 14:48:23,985 - WARNING - Record ID 242: SessionID mismatch. DB: MEET67, Extracted: session-id-602
2025-03-18 14:48:23,989 - WARNING - Record ID 243: SessionID mismatch. DB: MEET68, Extracted: session-id-604
2025-03-18 14:48:23,991 - WARNING - Record ID 244: SessionID mismatch. DB: MEET69, Extracted: session-id-605
2025-03-18 14:48:23,994 - WARNING - Record ID 245: SessionID mismatch. DB: MEET70, Extracted: session-id-607
2025-03-18 14:48:23,996 - WARNING - Record ID 246: SessionID mismatch. DB: MEET71, Extracted: session-id-626
2025-03-18 14:48:23,999 - WARNING - Record ID 247: SessionID mismatch. DB: MEET72, Extracted: session-id-609
2025-03-18 14:48:24,002 - WARNING - Record ID 248: SessionID mismatch. DB: MEET73, Extracted: session-id-610
2025-03-18 14:48:24,005 - WARNING - Record ID 249: SessionID mismatch. DB: MEET74, Extracted: session-id-612
2025-03-18 14:48:24,008 - WARNING - Record ID 250: SessionID mismatch. DB: MEET75, Extracted: session-id-624
2025-03-18 14:48:24,011 - WARNING - Record ID 251: SessionID mismatch. DB: MEET76, Extracted: session-id-613
2025-03-18 14:48:24,014 - WARNING - Record ID 252: SessionID mismatch. DB: MEET77, Extracted: session-id-614
2025-03-18 14:48:24,017 - WARNING - Record ID 253: SessionID mismatch. DB: MEET78, Extracted: session-id-616
2025-03-18 14:48:24,020 - WARNING - Record ID 254: SessionID mismatch. DB: MEET79, Extracted: session-id-615
2025-03-18 14:48:24,023 - WARNING - Record ID 255: SessionID mismatch. DB: MEET80, Extracted: session-id-617
2025-03-18 14:48:24,027 - WARNING - Record ID 256: SessionID mismatch. DB: MEET81, Extracted: session-id-618
2025-03-18 14:48:24,029 - WARNING - Record ID 257: SessionID mismatch. DB: MEET82, Extracted: session-id-620
2025-03-18 14:48:24,032 - WARNING - Record ID 258: SessionID mismatch. DB: MEET83, Extracted: session-id-619
2025-03-18 14:48:24,034 - WARNING - Record ID 259: SessionID mismatch. DB: MEET84, Extracted: session-id-621
2025-03-18 14:48:24,037 - WARNING - Record ID 260: SessionID mismatch. DB: MEET85, Extracted: session-id-622
2025-03-18 14:48:24,040 - WARNING - Record ID 261: SessionID mismatch. DB: MEET86, Extracted: session-id-606
2025-03-18 14:48:24,043 - WARNING - Record ID 262: SessionID mismatch. DB: MEET87, Extracted: session-id-623
2025-03-18 14:48:24,046 - WARNING - Record ID 263: SessionID mismatch. DB: MEET88, Extracted: session-id-608
2025-03-18 14:48:24,048 - WARNING - Record ID 264: SessionID mismatch. DB: MEET89, Extracted: session-id-625
2025-03-18 14:48:24,051 - WARNING - Record ID 265: SessionID mismatch. DB: MEET90, Extracted: session-id-627
2025-03-18 14:48:24,054 - WARNING - Record ID 266: SessionID mismatch. DB: MEET91, Extracted: session-id-628
2025-03-18 14:48:24,057 - WARNING - Record ID 267: SessionID mismatch. DB: MEET92, Extracted: session-id-629
2025-03-18 14:48:24,060 - WARNING - Record ID 268: SessionID mismatch. DB: MEET109, Extracted: session-id-643
2025-03-18 14:48:24,064 - WARNING - Record ID 269: SessionID mismatch. DB: MEET110, Extracted: session-id-644
2025-03-18 14:48:24,066 - WARNING - Record ID 270: SessionID mismatch. DB: Movie Session, Extracted: session-id-650
2025-03-18 14:48:24,068 - WARNING - Record ID 271: SessionID mismatch. DB: OPENING, Extracted: session-id-579
2025-03-18 14:48:24,072 - WARNING - Record ID 272: SessionID mismatch. DB: OS001, Extracted: session-id-440
2025-03-18 14:48:24,077 - WARNING - Record ID 273: SessionID mismatch. DB: OS002, Extracted: session-id-441
2025-03-18 14:48:24,081 - WARNING - Record ID 274: SessionID mismatch. DB: OS007, Extracted: session-id-442
2025-03-18 14:48:24,084 - WARNING - Record ID 275: SessionID mismatch. DB: OS008, Extracted: session-id-443
2025-03-18 14:48:24,088 - WARNING - Record ID 276: SessionID mismatch. DB: OS009, Extracted: session-id-444
2025-03-18 14:48:24,091 - WARNING - Record ID 277: SessionID mismatch. DB: OS010, Extracted: session-id-445
2025-03-18 14:48:24,095 - WARNING - Record ID 278: SessionID mismatch. DB: OS011, Extracted: session-id-446
2025-03-18 14:48:24,099 - WARNING - Record ID 279: SessionID mismatch. DB: OS012, Extracted: session-id-447
2025-03-18 14:48:24,103 - WARNING - Record ID 280: SessionID mismatch. DB: OS013, Extracted: session-id-448
2025-03-18 14:48:24,107 - WARNING - Record ID 281: SessionID mismatch. DB: OS017, Extracted: session-id-449
2025-03-18 14:48:24,111 - WARNING - Record ID 282: SessionID mismatch. DB: OS018, Extracted: session-id-450
2025-03-18 14:48:24,115 - WARNING - Record ID 283: SessionID mismatch. DB: OS019, Extracted: session-id-451
2025-03-18 14:48:24,119 - WARNING - Record ID 284: SessionID mismatch. DB: OS020, Extracted: session-id-452
2025-03-18 14:48:24,123 - WARNING - Record ID 285: SessionID mismatch. DB: OS025, Extracted: session-id-453
2025-03-18 14:48:24,127 - WARNING - Record ID 286: SessionID mismatch. DB: OS026, Extracted: session-id-454
2025-03-18 14:48:24,130 - WARNING - Record ID 287: SessionID mismatch. DB: OS027, Extracted: session-id-455
2025-03-18 14:48:24,134 - WARNING - Record ID 288: SessionID mismatch. DB: OS028, Extracted: session-id-456
2025-03-18 14:48:24,139 - WARNING - Record ID 289: SessionID mismatch. DB: OS032, Extracted: session-id-457
2025-03-18 14:48:24,144 - WARNING - Record ID 290: SessionID mismatch. DB: OS037, Extracted: session-id-458
2025-03-18 14:48:24,149 - WARNING - Record ID 291: SessionID mismatch. DB: OS038, Extracted: session-id-459
2025-03-18 14:48:24,152 - WARNING - Record ID 292: SessionID mismatch. DB: OS043, Extracted: session-id-460
2025-03-18 14:48:24,156 - WARNING - Record ID 293: SessionID mismatch. DB: OS044, Extracted: session-id-461
2025-03-18 14:48:24,159 - WARNING - Record ID 294: SessionID mismatch. DB: OS045, Extracted: session-id-462
2025-03-18 14:48:24,163 - WARNING - Record ID 295: SessionID mismatch. DB: OS046, Extracted: session-id-463
2025-03-18 14:48:24,166 - WARNING - Record ID 296: SessionID mismatch. DB: OS047, Extracted: session-id-464
2025-03-18 14:48:24,170 - WARNING - Record ID 297: SessionID mismatch. DB: OS048, Extracted: session-id-465
2025-03-18 14:48:24,174 - WARNING - Record ID 298: SessionID mismatch. DB: OS052, Extracted: session-id-466
2025-03-18 14:48:24,177 - WARNING - Record ID 299: SessionID mismatch. DB: OS053, Extracted: session-id-467
2025-03-18 14:48:24,181 - WARNING - Record ID 300: SessionID mismatch. DB: OS056, Extracted: session-id-468
2025-03-18 14:48:24,184 - WARNING - Record ID 301: SessionID mismatch. DB: OS057, Extracted: session-id-469
2025-03-18 14:48:24,188 - WARNING - Record ID 302: SessionID mismatch. DB: OS058, Extracted: session-id-470
2025-03-18 14:48:24,193 - WARNING - Record ID 303: SessionID mismatch. DB: OS062, Extracted: session-id-472
2025-03-18 14:48:24,196 - WARNING - Record ID 304: SessionID mismatch. DB: OS063, Extracted: session-id-471
2025-03-18 14:48:24,200 - WARNING - Record ID 305: SessionID mismatch. DB: OS064, Extracted: session-id-473
2025-03-18 14:48:24,203 - WARNING - Record ID 306: SessionID mismatch. DB: OS069, Extracted: session-id-474
2025-03-18 14:48:24,208 - WARNING - Record ID 307: SessionID mismatch. DB: OS070, Extracted: session-id-475
2025-03-18 14:48:24,214 - WARNING - Record ID 308: SessionID mismatch. DB: OS071, Extracted: session-id-476
2025-03-18 14:48:24,218 - WARNING - Record ID 309: SessionID mismatch. DB: OS072, Extracted: session-id-477
2025-03-18 14:48:24,222 - WARNING - Record ID 310: SessionID mismatch. DB: OS073, Extracted: session-id-478
2025-03-18 14:48:24,227 - WARNING - Record ID 311: SessionID mismatch. DB: OS078, Extracted: session-id-479
2025-03-18 14:48:24,231 - WARNING - Record ID 312: SessionID mismatch. DB: OS082, Extracted: session-id-480
2025-03-18 14:48:24,234 - WARNING - Record ID 313: SessionID mismatch. DB: OS083, Extracted: session-id-487
2025-03-18 14:48:24,238 - WARNING - Record ID 314: SessionID mismatch. DB: OS084, Extracted: session-id-481
2025-03-18 14:48:24,241 - WARNING - Record ID 315: SessionID mismatch. DB: OS085, Extracted: session-id-488
2025-03-18 14:48:24,245 - WARNING - Record ID 316: SessionID mismatch. DB: OS086, Extracted: session-id-489
2025-03-18 14:48:24,250 - WARNING - Record ID 317: SessionID mismatch. DB: OS087, Extracted: session-id-490
2025-03-18 14:48:24,253 - WARNING - Record ID 318: SessionID mismatch. DB: OS088, Extracted: session-id-491
2025-03-18 14:48:24,257 - WARNING - Record ID 319: SessionID mismatch. DB: OS091, Extracted: session-id-492
2025-03-18 14:48:24,261 - WARNING - Record ID 320: SessionID mismatch. DB: OS092, Extracted: session-id-482
2025-03-18 14:48:24,264 - WARNING - Record ID 321: SessionID mismatch. DB: OS095, Extracted: session-id-493
2025-03-18 14:48:24,268 - WARNING - Record ID 322: SessionID mismatch. DB: OS096, Extracted: session-id-494
2025-03-18 14:48:24,275 - WARNING - Record ID 323: SessionID mismatch. DB: OS097, Extracted: session-id-495
2025-03-18 14:48:24,278 - WARNING - Record ID 324: SessionID mismatch. DB: OS098, Extracted: session-id-483
2025-03-18 14:48:24,282 - WARNING - Record ID 325: SessionID mismatch. DB: OS102, Extracted: session-id-496
2025-03-18 14:48:24,286 - WARNING - Record ID 326: SessionID mismatch. DB: OS103, Extracted: session-id-497
2025-03-18 14:48:24,290 - WARNING - Record ID 327: SessionID mismatch. DB: OS107, Extracted: session-id-498
2025-03-18 14:48:24,294 - WARNING - Record ID 328: SessionID mismatch. DB: OS108, Extracted: session-id-499
2025-03-18 14:48:24,297 - WARNING - Record ID 329: SessionID mismatch. DB: OS109, Extracted: session-id-500
2025-03-18 14:48:24,300 - WARNING - Record ID 330: SessionID mismatch. DB: PC1, Extracted: session-id-284
2025-03-18 14:48:24,303 - WARNING - Record ID 331: SessionID mismatch. DB: PC2, Extracted: session-id-286
2025-03-18 14:48:24,306 - WARNING - Record ID 332: SessionID mismatch. DB: PC3, Extracted: session-id-288
2025-03-18 14:48:24,309 - WARNING - Record ID 333: SessionID mismatch. DB: PC4, Extracted: session-id-290
2025-03-18 14:48:24,312 - WARNING - Record ID 334: SessionID mismatch. DB: PM1, Extracted: session-id-282
2025-03-18 14:48:24,315 - WARNING - Record ID 335: SessionID mismatch. DB: PM2, Extracted: session-id-283
2025-03-18 14:48:24,317 - WARNING - Record ID 336: SessionID mismatch. DB: PM3, Extracted: session-id-285
2025-03-18 14:48:24,320 - WARNING - Record ID 337: SessionID mismatch. DB: PM4, Extracted: session-id-287
2025-03-18 14:48:24,323 - WARNING - Record ID 338: SessionID mismatch. DB: PM5, Extracted: session-id-289
2025-03-18 14:48:24,327 - WARNING - Record ID 339: SessionID mismatch. DB: PM6, Extracted: session-id-642
2025-03-18 14:48:24,330 - WARNING - Record ID 340: SessionID mismatch. DB: PM7, Extracted: session-id-639
2025-03-18 14:48:24,340 - WARNING - Record ID 341: SessionID mismatch. DB: PS001, Extracted: session-id-346
2025-03-18 14:48:24,352 - WARNING - Record ID 342: SessionID mismatch. DB: PS002, Extracted: session-id-347
2025-03-18 14:48:24,384 - WARNING - Record ID 343: SessionID mismatch. DB: PS003, Extracted: session-id-348
2025-03-18 14:48:24,393 - WARNING - Record ID 344: SessionID mismatch. DB: PS004, Extracted: session-id-349
2025-03-18 14:48:24,412 - WARNING - Record ID 345: SessionID mismatch. DB: PS005, Extracted: session-id-350
2025-03-18 14:48:24,419 - WARNING - Record ID 346: SessionID mismatch. DB: PS006, Extracted: session-id-351
2025-03-18 14:48:24,431 - WARNING - Record ID 347: SessionID mismatch. DB: PS007, Extracted: session-id-352
2025-03-18 14:48:24,434 - WARNING - Record ID 348: SessionID mismatch. DB: PS008, Extracted: session-id-353
2025-03-18 14:48:24,437 - WARNING - Record ID 349: SessionID mismatch. DB: PS009, Extracted: session-id-354
2025-03-18 14:48:24,476 - WARNING - Record ID 350: SessionID mismatch. DB: PS010, Extracted: session-id-355
2025-03-18 14:48:24,520 - WARNING - Record ID 351: SessionID mismatch. DB: PS011, Extracted: session-id-379
2025-03-18 14:48:24,567 - WARNING - Record ID 352: SessionID mismatch. DB: PS012, Extracted: session-id-380
2025-03-18 14:48:24,594 - WARNING - Record ID 353: SessionID mismatch. DB: PS013, Extracted: session-id-381
2025-03-18 14:48:24,603 - WARNING - Record ID 354: SessionID mismatch. DB: PS014, Extracted: session-id-382
2025-03-18 14:48:24,627 - WARNING - Record ID 355: SessionID mismatch. DB: PS015, Extracted: session-id-383
2025-03-18 14:48:24,639 - WARNING - Record ID 356: SessionID mismatch. DB: PS016, Extracted: session-id-384
2025-03-18 14:48:24,645 - WARNING - Record ID 357: SessionID mismatch. DB: PS017, Extracted: session-id-385
2025-03-18 14:48:24,658 - WARNING - Record ID 358: SessionID mismatch. DB: PS018, Extracted: session-id-386
2025-03-18 14:48:24,662 - WARNING - Record ID 359: SessionID mismatch. DB: PS019, Extracted: session-id-387
2025-03-18 14:48:24,682 - WARNING - Record ID 360: SessionID mismatch. DB: PS020, Extracted: session-id-402
2025-03-18 14:48:24,728 - WARNING - Record ID 361: SessionID mismatch. DB: PS021, Extracted: session-id-403
2025-03-18 14:48:24,760 - WARNING - Record ID 362: SessionID mismatch. DB: PS022, Extracted: session-id-404
2025-03-18 14:48:24,794 - WARNING - Record ID 363: SessionID mismatch. DB: PS023, Extracted: session-id-405
2025-03-18 14:48:24,814 - WARNING - Record ID 364: SessionID mismatch. DB: PS024, Extracted: session-id-406
2025-03-18 14:48:24,828 - WARNING - Record ID 365: SessionID mismatch. DB: PS025, Extracted: session-id-407
2025-03-18 14:48:24,855 - WARNING - Record ID 366: SessionID mismatch. DB: PS026, Extracted: session-id-408
2025-03-18 14:48:24,863 - WARNING - Record ID 367: SessionID mismatch. DB: PS027, Extracted: session-id-409
2025-03-18 14:48:24,874 - WARNING - Record ID 368: SessionID mismatch. DB: PS028, Extracted: session-id-410
2025-03-18 14:48:24,881 - WARNING - Record ID 369: SessionID mismatch. DB: PS029, Extracted: session-id-411
2025-03-18 14:48:24,887 - WARNING - Record ID 370: SessionID mismatch. DB: PS030, Extracted: session-id-412
2025-03-18 14:48:24,914 - WARNING - Record ID 371: SessionID mismatch. DB: PS031, Extracted: session-id-413
2025-03-18 14:48:24,930 - WARNING - Record ID 372: SessionID mismatch. DB: PS032, Extracted: session-id-414
2025-03-18 14:48:24,939 - WARNING - Record ID 373: SessionID mismatch. DB: PS033, Extracted: session-id-415
2025-03-18 14:48:24,945 - WARNING - Record ID 374: SessionID mismatch. DB: PS034, Extracted: session-id-416
2025-03-18 14:48:24,963 - WARNING - Record ID 375: SessionID mismatch. DB: PS035, Extracted: session-id-417
2025-03-18 14:48:24,969 - WARNING - Record ID 376: SessionID mismatch. DB: PS036, Extracted: session-id-418
2025-03-18 14:48:24,979 - WARNING - Record ID 377: SessionID mismatch. DB: PS037, Extracted: session-id-419
2025-03-18 14:48:24,986 - WARNING - Record ID 378: SessionID mismatch. DB: PS038, Extracted: session-id-420
2025-03-18 14:48:25,019 - WARNING - Record ID 379: SessionID mismatch. DB: PS039, Extracted: session-id-388
2025-03-18 14:48:25,045 - WARNING - Record ID 380: SessionID mismatch. DB: PS040, Extracted: session-id-389
2025-03-18 14:48:25,057 - WARNING - Record ID 381: SessionID mismatch. DB: PS041, Extracted: session-id-390
2025-03-18 14:48:25,090 - WARNING - Record ID 382: SessionID mismatch. DB: PS042, Extracted: session-id-391
2025-03-18 14:48:25,095 - WARNING - Record ID 383: SessionID mismatch. DB: PS043, Extracted: session-id-392
2025-03-18 14:48:25,099 - WARNING - Record ID 384: SessionID mismatch. DB: PS044, Extracted: session-id-393
2025-03-18 14:48:25,103 - WARNING - Record ID 385: SessionID mismatch. DB: PS045, Extracted: session-id-356
2025-03-18 14:48:25,124 - WARNING - Record ID 386: SessionID mismatch. DB: PS046, Extracted: session-id-357
2025-03-18 14:48:25,141 - WARNING - Record ID 387: SessionID mismatch. DB: PS047, Extracted: session-id-358
2025-03-18 14:48:25,157 - WARNING - Record ID 388: SessionID mismatch. DB: PS048, Extracted: session-id-359
2025-03-18 14:48:25,168 - WARNING - Record ID 389: SessionID mismatch. DB: PS049, Extracted: session-id-360
2025-03-18 14:48:25,173 - WARNING - Record ID 390: SessionID mismatch. DB: PS050, Extracted: session-id-361
2025-03-18 14:48:25,180 - WARNING - Record ID 391: SessionID mismatch. DB: PS051, Extracted: session-id-362
2025-03-18 14:48:25,189 - WARNING - Record ID 392: SessionID mismatch. DB: PS052, Extracted: session-id-363
2025-03-18 14:48:25,193 - WARNING - Record ID 393: SessionID mismatch. DB: PS053, Extracted: session-id-364
2025-03-18 14:48:25,195 - WARNING - Record ID 394: SessionID mismatch. DB: PS054, Extracted: session-id-365
2025-03-18 14:48:25,202 - WARNING - Record ID 395: SessionID mismatch. DB: PS055, Extracted: session-id-366
2025-03-18 14:48:25,215 - WARNING - Record ID 396: SessionID mismatch. DB: PS065, Extracted: session-id-367
2025-03-18 14:48:25,231 - WARNING - Record ID 397: SessionID mismatch. DB: PS066, Extracted: session-id-368
2025-03-18 14:48:25,239 - WARNING - Record ID 398: SessionID mismatch. DB: PS067, Extracted: session-id-369
2025-03-18 14:48:25,244 - WARNING - Record ID 399: SessionID mismatch. DB: PS068, Extracted: session-id-370
2025-03-18 14:48:25,250 - WARNING - Record ID 400: SessionID mismatch. DB: PS069, Extracted: session-id-371
2025-03-18 14:48:25,259 - WARNING - Record ID 401: SessionID mismatch. DB: PS070, Extracted: session-id-372
2025-03-18 14:48:25,261 - WARNING - Record ID 402: SessionID mismatch. DB: PS071, Extracted: session-id-373
2025-03-18 14:48:25,269 - WARNING - Record ID 403: SessionID mismatch. DB: PS072, Extracted: session-id-374
2025-03-18 14:48:25,277 - WARNING - Record ID 404: SessionID mismatch. DB: PS073, Extracted: session-id-375
2025-03-18 14:48:25,280 - WARNING - Record ID 405: SessionID mismatch. DB: PS074, Extracted: session-id-376
2025-03-18 14:48:25,287 - WARNING - Record ID 406: SessionID mismatch. DB: PS075, Extracted: session-id-377
2025-03-18 14:48:25,290 - WARNING - Record ID 407: SessionID mismatch. DB: PS076, Extracted: session-id-378
2025-03-18 14:48:25,300 - WARNING - Record ID 408: SessionID mismatch. DB: PS077, Extracted: session-id-394
2025-03-18 14:48:25,305 - WARNING - Record ID 409: SessionID mismatch. DB: PS078, Extracted: session-id-395
2025-03-18 14:48:25,312 - WARNING - Record ID 410: SessionID mismatch. DB: PS079, Extracted: session-id-396
2025-03-18 14:48:25,315 - WARNING - Record ID 411: SessionID mismatch. DB: PS080, Extracted: session-id-397
2025-03-18 14:48:25,335 - WARNING - Record ID 412: SessionID mismatch. DB: PS081, Extracted: session-id-398
2025-03-18 14:48:25,342 - WARNING - Record ID 413: SessionID mismatch. DB: PS082, Extracted: session-id-399
2025-03-18 14:48:25,352 - WARNING - Record ID 414: SessionID mismatch. DB: PS083, Extracted: session-id-400
2025-03-18 14:48:25,361 - WARNING - Record ID 415: SessionID mismatch. DB: PS084, Extracted: session-id-401
2025-03-18 14:48:25,363 - WARNING - Record ID 416: SessionID mismatch. DB: S2, Extracted: session-id-591
2025-03-18 14:48:25,364 - WARNING - Record ID 417: SessionID mismatch. DB: S3, Extracted: session-id-592
2025-03-18 14:48:25,366 - WARNING - Record ID 418: SessionID mismatch. DB: S4, Extracted: session-id-593
2025-03-18 14:48:25,374 - WARNING - Record ID 419: SessionID mismatch. DB: S6, Extracted: session-id-595
2025-03-18 14:48:25,378 - WARNING - Record ID 420: SessionID mismatch. DB: SCI1, Extracted: session-id-291
2025-03-18 14:48:25,383 - WARNING - Record ID 421: SessionID mismatch. DB: SCI2, Extracted: session-id-292
2025-03-18 14:48:25,387 - WARNING - Record ID 422: SessionID mismatch. DB: SEL, Extracted: session-id-114
2025-03-18 14:48:25,391 - WARNING - Record ID 423: SessionID mismatch. DB: SP1, Extracted: session-id-8
2025-03-18 14:48:25,394 - WARNING - Record ID 424: SessionID mismatch. DB: SP2, Extracted: session-id-15
2025-03-18 14:48:25,397 - WARNING - Record ID 425: SessionID mismatch. DB: SP3, Extracted: session-id-28
2025-03-18 14:48:25,400 - WARNING - Record ID 426: SessionID mismatch. DB: SP4, Extracted: session-id-29
2025-03-18 14:48:25,403 - WARNING - Record ID 427: SessionID mismatch. DB: SP5, Extracted: session-id-36
2025-03-18 14:48:25,407 - WARNING - Record ID 428: SessionID mismatch. DB: SY031, Extracted: session-id-52
2025-03-18 14:48:25,411 - WARNING - Record ID 429: SessionID mismatch. DB: SY032, Extracted: session-id-53
2025-03-18 14:48:25,414 - WARNING - Record ID 430: SessionID mismatch. DB: SY033, Extracted: session-id-54
2025-03-18 14:48:25,417 - WARNING - Record ID 431: SessionID mismatch. DB: SY034, Extracted: session-id-44
2025-03-18 14:48:25,420 - WARNING - Record ID 432: SessionID mismatch. DB: SY035, Extracted: session-id-45
2025-03-18 14:48:25,423 - WARNING - Record ID 433: SessionID mismatch. DB: SY036, Extracted: session-id-48
2025-03-18 14:48:25,426 - WARNING - Record ID 434: SessionID mismatch. DB: SY037, Extracted: session-id-49
2025-03-18 14:48:25,429 - WARNING - Record ID 435: SessionID mismatch. DB: SY043, Extracted: session-id-56
2025-03-18 14:48:25,432 - WARNING - Record ID 436: SessionID mismatch. DB: SY045, Extracted: session-id-62
2025-03-18 14:48:25,434 - WARNING - Record ID 437: SessionID mismatch. DB: SY046, Extracted: session-id-64
2025-03-18 14:48:25,437 - WARNING - Record ID 438: SessionID mismatch. DB: SY047, Extracted: session-id-59
2025-03-18 14:48:25,441 - WARNING - Record ID 439: SessionID mismatch. DB: SY051, Extracted: session-id-65
2025-03-18 14:48:25,443 - WARNING - Record ID 440: SessionID mismatch. DB: SY052, Extracted: session-id-68
2025-03-18 14:48:25,446 - WARNING - Record ID 441: SessionID mismatch. DB: SY053, Extracted: session-id-67
2025-03-18 14:48:25,449 - WARNING - Record ID 442: SessionID mismatch. DB: SY057, Extracted: session-id-75
2025-03-18 14:48:25,452 - WARNING - Record ID 443: SessionID mismatch. DB: SY058, Extracted: session-id-77
2025-03-18 14:48:25,455 - WARNING - Record ID 444: SessionID mismatch. DB: SY059, Extracted: session-id-72
2025-03-18 14:48:25,457 - WARNING - Record ID 445: SessionID mismatch. DB: SY060, Extracted: session-id-73
2025-03-18 14:48:25,461 - WARNING - Record ID 446: SessionID mismatch. DB: SY064, Extracted: session-id-84
2025-03-18 14:48:25,464 - WARNING - Record ID 447: SessionID mismatch. DB: SY065, Extracted: session-id-85
2025-03-18 14:48:25,467 - WARNING - Record ID 448: SessionID mismatch. DB: SY066, Extracted: session-id-86
2025-03-18 14:48:25,470 - WARNING - Record ID 449: SessionID mismatch. DB: SY067, Extracted: session-id-79
2025-03-18 14:48:25,473 - WARNING - Record ID 450: SessionID mismatch. DB: SY068, Extracted: session-id-80
2025-03-18 14:48:25,477 - WARNING - Record ID 451: SessionID mismatch. DB: SY069, Extracted: session-id-82
2025-03-18 14:48:25,480 - WARNING - Record ID 452: SessionID mismatch. DB: SY072, Extracted: session-id-93
2025-03-18 14:48:25,483 - WARNING - Record ID 453: SessionID mismatch. DB: SY073, Extracted: session-id-88
2025-03-18 14:48:25,487 - WARNING - Record ID 454: SessionID mismatch. DB: SY074, Extracted: session-id-89
2025-03-18 14:48:25,490 - WARNING - Record ID 455: SessionID mismatch. DB: SY075, Extracted: session-id-90
2025-03-18 14:48:25,493 - WARNING - Record ID 456: SessionID mismatch. DB: SY076, Extracted: session-id-91
2025-03-18 14:48:25,498 - WARNING - Record ID 457: SessionID mismatch. DB: SY082, Extracted: session-id-105
2025-03-18 14:48:25,500 - WARNING - Record ID 458: SessionID mismatch. DB: SY083, Extracted: session-id-106
2025-03-18 14:48:25,503 - WARNING - Record ID 459: SessionID mismatch. DB: SY084, Extracted: session-id-99
2025-03-18 14:48:25,506 - WARNING - Record ID 460: SessionID mismatch. DB: SY085, Extracted: session-id-100
2025-03-18 14:48:25,509 - WARNING - Record ID 461: SessionID mismatch. DB: SY086, Extracted: session-id-101
2025-03-18 14:48:25,513 - WARNING - Record ID 462: SessionID mismatch. DB: SY087, Extracted: session-id-103
2025-03-18 14:48:25,518 - WARNING - Record ID 463: SessionID mismatch. DB: SY091, Extracted: session-id-112
2025-03-18 14:48:25,521 - WARNING - Record ID 464: SessionID mismatch. DB: SY092, Extracted: session-id-113
2025-03-18 14:48:25,525 - WARNING - Record ID 465: SessionID mismatch. DB: SY093, Extracted: session-id-108
2025-03-18 14:48:25,528 - WARNING - Record ID 466: SessionID mismatch. DB: SY094, Extracted: session-id-110
2025-03-18 14:48:25,531 - WARNING - Record ID 467: SessionID mismatch. DB: SY099, Extracted: session-id-119
2025-03-18 14:48:25,534 - WARNING - Record ID 468: SessionID mismatch. DB: SY100, Extracted: session-id-117
2025-03-18 14:48:25,536 - WARNING - Record ID 469: SessionID mismatch. DB: SY104, Extracted: session-id-124
2025-03-18 14:48:25,540 - WARNING - Record ID 470: SessionID mismatch. DB: SY105, Extracted: session-id-125
2025-03-18 14:48:25,552 - WARNING - Record ID 471: SessionID mismatch. DB: SY106, Extracted: session-id-122
2025-03-18 14:48:25,555 - WARNING - Record ID 472: SessionID mismatch. DB: SY107, Extracted: session-id-123
2025-03-18 14:48:25,558 - WARNING - Record ID 473: SessionID mismatch. DB: SY110, Extracted: session-id-129
2025-03-18 14:48:25,561 - WARNING - Record ID 474: SessionID mismatch. DB: SY111, Extracted: session-id-128
2025-03-18 14:48:25,564 - WARNING - Record ID 475: SessionID mismatch. DB: SY112, Extracted: session-id-127
2025-03-18 14:48:25,567 - WARNING - Record ID 476: SessionID mismatch. DB: SY113, Extracted: session-id-136
2025-03-18 14:48:25,570 - WARNING - Record ID 477: SessionID mismatch. DB: SY114, Extracted: session-id-131
2025-03-18 14:48:25,573 - WARNING - Record ID 478: SessionID mismatch. DB: SY115, Extracted: session-id-132
2025-03-18 14:48:25,576 - WARNING - Record ID 479: SessionID mismatch. DB: SY116, Extracted: session-id-133
2025-03-18 14:48:25,579 - WARNING - Record ID 480: SessionID mismatch. DB: SY117, Extracted: session-id-134
2025-03-18 14:48:25,583 - WARNING - Record ID 481: SessionID mismatch. DB: SY120, Extracted: session-id-137
2025-03-18 14:48:25,586 - WARNING - Record ID 482: SessionID mismatch. DB: SY122, Extracted: session-id-142
2025-03-18 14:48:25,588 - WARNING - Record ID 483: SessionID mismatch. DB: SY123, Extracted: session-id-143
2025-03-18 14:48:25,591 - WARNING - Record ID 484: SessionID mismatch. DB: SY124, Extracted: session-id-144
2025-03-18 14:48:25,593 - WARNING - Record ID 485: SessionID mismatch. DB: SY125, Extracted: session-id-145
2025-03-18 14:48:25,594 - ERROR - Error inserting into temporary table for record 485: 1406 (22001): Data too long for column 'session_organized_by' at row 1
2025-03-18 14:48:25,597 - WARNING - Record ID 486: SessionID mismatch. DB: SY126, Extracted: session-id-140
2025-03-18 14:48:25,600 - WARNING - Record ID 487: SessionID mismatch. DB: SY131, Extracted: session-id-152
2025-03-18 14:48:25,603 - WARNING - Record ID 488: SessionID mismatch. DB: SY132, Extracted: session-id-149
2025-03-18 14:48:25,606 - WARNING - Record ID 489: SessionID mismatch. DB: SY133, Extracted: session-id-150
2025-03-18 14:48:25,608 - WARNING - Record ID 490: SessionID mismatch. DB: SY138, Extracted: session-id-158
2025-03-18 14:48:25,611 - WARNING - Record ID 491: SessionID mismatch. DB: SY139, Extracted: session-id-157
2025-03-18 14:48:25,614 - WARNING - Record ID 492: SessionID mismatch. DB: SY142, Extracted: session-id-164
2025-03-18 14:48:25,617 - WARNING - Record ID 493: SessionID mismatch. DB: SY143, Extracted: session-id-159
2025-03-18 14:48:25,619 - WARNING - Record ID 494: SessionID mismatch. DB: SY144, Extracted: session-id-160
2025-03-18 14:48:25,622 - WARNING - Record ID 495: SessionID mismatch. DB: SY147, Extracted: session-id-165
2025-03-18 14:48:25,625 - WARNING - Record ID 496: SessionID mismatch. DB: SY148, Extracted: session-id-166
2025-03-18 14:48:25,625 - ERROR - Error inserting into temporary table for record 496: 1406 (22001): Data too long for column 'session_organized_by' at row 1
2025-03-18 14:48:25,628 - WARNING - Record ID 497: SessionID mismatch. DB: TAE1, Extracted: session-id-43
2025-03-18 14:48:25,632 - WARNING - Record ID 498: SessionID mismatch. DB: TAE2, Extracted: session-id-230
2025-03-18 14:48:25,635 - WARNING - Record ID 499: SessionID mismatch. DB: YIA, Extracted: session-id-63
2025-03-18 14:48:25,636 - INFO - Processing complete. Total records: 499, Processed: 496, Errors: 3
2025-03-18 14:48:25,637 - INFO - Sample of extracted data: [{'id': 1, 'session_id': '78', 'session_type': 'Awards', 'session_title': 'Excellence Award Lectures', 'session_hall': None, 'session_date': None, 'session_time_start': None, 'session_time_end': None, 'session_timezone': 'CET', 'session_category': '12. Professional and educational affairs', 'session_description': 'The ESCMID Excellence Award shines a spotlight on extraordinary contributions in science, education, or professional affairs within these fields. Recipients will share their career journey and achievements during this session.', 'session_organized_by': None, 'session_chairs': 'Jon S. FRIEDLAND, United KingdomChair; Robert Leo SKOV, DenmarkChair', 'session_presentations': 'Towards pandemic prevention, moonshot or utopia? [Marion KOOPMANS, Netherlands] || Can global warming bring new infectious diseases? [Arturo CASADEVALL, United States]'}, {'id': 2, 'session_id': '509', 'session_type': 'ePoster Flash Session', 'session_title': 'On the frontiers of vaccine driven prevention', 'session_hall': None, 'session_date': None, 'session_time_start': None, 'session_time_end': None, 'session_timezone': 'CET', 'session_category': '01. Viral infection & disease (incl COVID-19)', 'session_description': None, 'session_organized_by': None, 'session_chairs': 'Maria GANCZAK, PolandChair', 'session_presentations': 'A Pragmatic Randomized Trial to Evaluate Bivalent RSV Prefusion F Proteinbased Vaccine Effectiveness for Preventing RSV Hospitalizations in Older Adults (DAN-RSV): Rationale & Trial Design [Mats LASSEN, Denmark] || A phase 1 study with an innovative approach for an HIV-1 prophylactic vaccine [Pedro GARBES, United States] || Changes in dose interval can impact T cell responses but not antibody levels in individuals receiving the modified vaccinia Ankara Mpox vaccine [Joseph PARSONS, United Kingdom] || Six-month Immunogenicity of mRNA-1345 RSV Vaccine in Adults Aged 60 Years [Mihir DESAI, United Kingdom] || Comparative Immune Responses to Homologous and Heterologous SARS-CoV-2 Vaccination Using DNA and Protein Platforms [Sonia PRIETO MARTIN GIL, Spain] || Quantitative correlates of protection against SARS-CoV-2 variants using individual-level reconstructed antibody kinetics [Tim RUSSELL, United Kingdom] || Effectiveness of the 2023-24 seasonal influenza vaccine in UK healthcare workers: results from the SIREN prospective cohort study [Luke MCGEOCH, United Kingdom] || Immunogenicity and safety of second COVID-19 booster and Influenza vaccination coadministration [Isabell WAGENHUSER, Germany] || The degree of immunization against the Measles virus of the infant population in Sibiu county, Romania [Stefan-Vasile CRISTEA, Romania]'}, {'id': 3, 'session_id': '510', 'session_type': 'ePoster Flash Session', 'session_title': 'Pharmacology from bench to the bedside', 'session_hall': None, 'session_date': None, 'session_time_start': None, 'session_time_end': None, 'session_timezone': 'CET', 'session_category': '05. New antibacterial agents, PK/PD & Stewardship', 'session_description': None, 'session_organized_by': None, 'session_chairs': 'Alina Karoline NUSSBAUMER-PRLL, AustriaChair', 'session_presentations': 'Enterococcus faecalis impairs Escherichia coli response to antibiotics in a dual-species intracellular infection model [Francoise VAN BAMBEKE, Belgium] || In vitro investigations of ceftazidime-avibactam and fosfomycin against carbapenemase-producing Enterobacterales clinical isolates [Miklas MARTENS, Germany] || In vivo activity and PK of the novel siderophore-cephalosporin AR-2126 in a lethal lung infection model in mice infected with a carbapenem-resistant Pseudomonas aeruginosa following subcutaneous administration [Wolfgang WICHA, Austria] || Synergistic Potency Unveiled: -Lactam and -Lactamase Inhibitor Combination against Mycobacterium abscessus with Dual Action of -Lactamase Inhibition and Multi-Target Receptor Inactivation [Eunjeong SHIN, United States] || Pharmacokinetic/pharmacodynamic evaluation of benzoxaborole MRX-5 in mouse pneumonia model with Mycobacterium abscessus infection [Wen WANG, United States] || Pharmacokinetic/pharmacodynamic modelling of immune response and meropenem activity in immunocompetent and neutropenic mouse lung infection models [Raphal SAPORTA, Sweden] || Implementation of a model-based nomogram for amoxicillin precision dosing in patients suspected of infective endocarditis: preliminary results of the NOMOBA-AMX multicentre study [Paul LE TURNIER, French Guiana] || No time to waste: hospital-wide assessment of IV- vial and line residuals and impact on target attainment. [Dorian VANNESTE, Belgium] || Population pharmacokinetic modelling of colistin in critically-ill patients on sustained low-efficiency dialysis: implications for dose selection [Dominika FUHS, Australia]'}, {'id': 4, 'session_id': '511', 'session_type': 'ePoster Flash Session', 'session_title': "It's all in the blood", 'session_hall': None, 'session_date': None, 'session_time_start': None, 'session_time_end': None, 'session_timezone': 'CET', 'session_category': '04. Diagnostic microbiology', 'session_description': None, 'session_organized_by': None, 'session_chairs': 'Colin R. MACKENZIE, GermanyChair', 'session_presentations': 'Limited delayed incubation of blood culture bottles has limited effect on yield and time-to-positivity [Liselotte HARDY, Belgium] || Unnecessary clinical interventions due to blood culture contamination in a large Canadian hospital network [Clayton Wallace HALL, Canada] || Utility of sigmoidal growth curve when no organisms are seen on Gram stain in positive blood cultures [Declan CRILLY, United Kingdom] || Clinical microbiology laboratory consultancy to optimize blood culture workflow: Analysis of results [Carlotta MAGRI, Italy] || Comparison of Syndromic Sepsis Panel and Standard Blood Culture Results: Contribution to Patient Management [Sevim Gayenur BUYUKBERBER, Trkiye] || Predicting blood culture positivity using machine learning with complete blood and differential counts in a tertiary care hospital of Turkiye [zlem TRKMEN RECEN, Trkiye] || Performance of direct pathogen and -lactamase detection workflow using MALDI-TOF MS from positive blood culture specimens [Kosuke KOSAI, Japan] || Waiting for follow-up blood cultures is not always necessary for diagnosis of central line-associated bloodstream infections [Lieke VAN BALEN, Netherlands] || Economic and health gains associated with the adoption of the 2-hour phenotypic antimicrobial susceptibility testing in patients with bloodstream infection in Europe [Cidlia PINA-VAZ, Portugal]'}, {'id': 5, 'session_id': '512', 'session_type': 'ePoster Flash Session', 'session_title': 'Emerging developments in antifungal pharmacology', 'session_hall': None, 'session_date': None, 'session_time_start': None, 'session_time_end': None, 'session_timezone': 'CET', 'session_category': '06. Fungal infection & disease', 'session_description': None, 'session_organized_by': None, 'session_chairs': 'Roger BRGGEMANN, NetherlandsChair', 'session_presentations': 'NATURE-US: the natural history of antifungal failure in invasive candidiasis [Luis OSTROSKY-ZEICHNER, United States] || The antidepressant vortioxetine enhances resistance toward multiple azoles [Silvia RIZZO, Italy] || Enhancing Isavuconazole Pharmacokinetics: A Comprehensive Population (PPK) Model from Three Phase 3 Trials and Covariate Exploration [Amit DESAI, United States] || Identification of efflux inhibitors for Candida albicans through a drug repurposing strategy [Dbora MARQUES, Portugal] || Clinical outcomes of micafungin 100 mg vs. 150 mg daily for the treatment of Candida auris fungemia [Jysheng HOU, United States] || Resolution of clinical signs in adults with invasive candidiasis and/or candidaemia treated with rezafungin or caspofungin: ReSTORE and STRIVE trial pooled analysis [George R THOMPSON, United States] || Ibrexafungerp is effective in treatment of patients with candidiasis, including candidaemia, caused by Candida auris: a multicentre, open-label study (CARES) [Marisa H. MICELI, United States] || High-dose isavuconazole therapy is well-tolerated and significantly improves survival in a fruit fly model of invasive mucormycosis [Sebastian WURSTER, United States] || Pharmacokinetics, pharmacodynamics, safety, and efficacy of innovative dosing schedules of liposomal amphotericin B for treatment of experimental invasive pulmonary aspergillosis in persistently neutropenic rabbits [Ruta PETRAITIENE, United States]'}]
2025-03-18 14:49:12,343 - INFO - Data exported to eccmid_extracted_data_20250318_144912.csv
2025-03-18 14:49:12,343 - INFO - Database connection closed
